# JRE version: Java(TM) SE Runtime Environment (8.0_121-b13) (build 1.8.0_121-b13)
# Java VM: Java HotSpot(TM) 64-Bit Server VM (25.121-b13 mixed mode windows-amd64 compressed oops)
Heap:
 PSYoungGen      total 546816K, used 105152K [0x00000000d6900000, 0x0000000100000000, 0x0000000100000000)
  eden space 463872K, 4% used [0x00000000d6900000,0x00000000d7ed37f8,0x00000000f2e00000)
  from space 82944K, 99% used [0x00000000f2e00000,0x00000000f7edc820,0x00000000f7f00000)
  to   space 115712K, 0% used [0x00000000f8f00000,0x00000000f8f00000,0x0000000100000000)
 ParOldGen       total 313344K, used 229648K [0x0000000083a00000, 0x0000000096c00000, 0x00000000d6900000)
  object space 313344K, 73% used [0x0000000083a00000,0x0000000091a44050,0x0000000096c00000)
 Metaspace       used 45130K, capacity 45550K, committed 45952K, reserved 1089536K
  class space    used 6297K, capacity 6448K, committed 6528K, reserved 1048576K
GC Heap History (10 events):
Event: 84.695 GC heap before
{Heap before GC invocations=31 (full 4):
 PSYoungGen      total 471552K, used 438336K [0x00000000d6900000, 0x00000000f7500000, 0x0000000100000000)
  eden space 405504K, 100% used [0x00000000d6900000,0x00000000ef500000,0x00000000ef500000)
  from space 66048K, 49% used [0x00000000f3400000,0x00000000f5410318,0x00000000f7480000)
  to   space 64512K, 0% used [0x00000000ef500000,0x00000000ef500000,0x00000000f3400000)
 ParOldGen       total 313344K, used 168802K [0x0000000083a00000, 0x0000000096c00000, 0x00000000d6900000)
  object space 313344K, 53% used [0x0000000083a00000,0x000000008ded8bb8,0x0000000096c00000)
 Metaspace       used 45038K, capacity 45410K, committed 45696K, reserved 1089536K
  class space    used 6296K, capacity 6446K, committed 6528K, reserved 1048576K
Event: 84.753 GC heap after
Heap after GC invocations=31 (full 4):
 PSYoungGen      total 470016K, used 52724K [0x00000000d6900000, 0x00000000faf00000, 0x0000000100000000)
  eden space 405504K, 0% used [0x00000000d6900000,0x00000000d6900000,0x00000000ef500000)
  from space 64512K, 81% used [0x00000000ef500000,0x00000000f287d320,0x00000000f3400000)
  to   space 70144K, 0% used [0x00000000f6a80000,0x00000000f6a80000,0x00000000faf00000)
 ParOldGen       total 313344K, used 168802K [0x0000000083a00000, 0x0000000096c00000, 0x00000000d6900000)
  object space 313344K, 53% used [0x0000000083a00000,0x000000008ded8bb8,0x0000000096c00000)
 Metaspace       used 45038K, capacity 45410K, committed 45696K, reserved 1089536K
  class space    used 6296K, capacity 6446K, committed 6528K, reserved 1048576K
}
Event: 89.318 GC heap before
{Heap before GC invocations=32 (full 4):
 PSYoungGen      total 470016K, used 458228K [0x00000000d6900000, 0x00000000faf00000, 0x0000000100000000)
  eden space 405504K, 100% used [0x00000000d6900000,0x00000000ef500000,0x00000000ef500000)
  from space 64512K, 81% used [0x00000000ef500000,0x00000000f287d320,0x00000000f3400000)
  to   space 70144K, 0% used [0x00000000f6a80000,0x00000000f6a80000,0x00000000faf00000)
 ParOldGen       total 313344K, used 168802K [0x0000000083a00000, 0x0000000096c00000, 0x00000000d6900000)
  object space 313344K, 53% used [0x0000000083a00000,0x000000008ded8bb8,0x0000000096c00000)
 Metaspace       used 45042K, capacity 45410K, committed 45696K, reserved 1089536K
  class space    used 6296K, capacity 6446K, committed 6528K, reserved 1048576K
Event: 89.407 GC heap after
Heap after GC invocations=32 (full 4):
 PSYoungGen      total 514048K, used 70142K [0x00000000d6900000, 0x00000000fca80000, 0x0000000100000000)
  eden space 443904K, 0% used [0x00000000d6900000,0x00000000d6900000,0x00000000f1a80000)
  from space 70144K, 99% used [0x00000000f6a80000,0x00000000faeff9d8,0x00000000faf00000)
  to   space 81920K, 0% used [0x00000000f1a80000,0x00000000f1a80000,0x00000000f6a80000)
 ParOldGen       total 313344K, used 170575K [0x0000000083a00000, 0x0000000096c00000, 0x00000000d6900000)
  object space 313344K, 54% used [0x0000000083a00000,0x000000008e093df0,0x0000000096c00000)
 Metaspace       used 45042K, capacity 45410K, committed 45696K, reserved 1089536K
  class space    used 6296K, capacity 6446K, committed 6528K, reserved 1048576K
}
Event: 94.356 GC heap before
{Heap before GC invocations=33 (full 4):
 PSYoungGen      total 514048K, used 514046K [0x00000000d6900000, 0x00000000fca80000, 0x0000000100000000)
  eden space 443904K, 100% used [0x00000000d6900000,0x00000000f1a80000,0x00000000f1a80000)
  from space 70144K, 99% used [0x00000000f6a80000,0x00000000faeff9d8,0x00000000faf00000)
  to   space 81920K, 0% used [0x00000000f1a80000,0x00000000f1a80000,0x00000000f6a80000)
 ParOldGen       total 313344K, used 170575K [0x0000000083a00000, 0x0000000096c00000, 0x00000000d6900000)
  object space 313344K, 54% used [0x0000000083a00000,0x000000008e093df0,0x0000000096c00000)
 Metaspace       used 45071K, capacity 45474K, committed 45696K, reserved 1089536K
  class space    used 6296K, capacity 6446K, committed 6528K, reserved 1048576K
Event: 94.440 GC heap after
Heap after GC invocations=33 (full 4):
 PSYoungGen      total 525824K, used 81893K [0x00000000d6900000, 0x0000000100000000, 0x0000000100000000)
  eden space 443904K, 0% used [0x00000000d6900000,0x00000000d6900000,0x00000000f1a80000)
  from space 81920K, 99% used [0x00000000f1a80000,0x00000000f6a795c0,0x00000000f6a80000)
  to   space 98816K, 0% used [0x00000000f9f80000,0x00000000f9f80000,0x0000000100000000)
 ParOldGen       total 313344K, used 180984K [0x0000000083a00000, 0x0000000096c00000, 0x00000000d6900000)
  object space 313344K, 57% used [0x0000000083a00000,0x000000008eabe050,0x0000000096c00000)
 Metaspace       used 45071K, capacity 45474K, committed 45696K, reserved 1089536K
  class space    used 6296K, capacity 6446K, committed 6528K, reserved 1048576K
}
Event: 99.518 GC heap before
{Heap before GC invocations=34 (full 4):
 PSYoungGen      total 525824K, used 525797K [0x00000000d6900000, 0x0000000100000000, 0x0000000100000000)
  eden space 443904K, 100% used [0x00000000d6900000,0x00000000f1a80000,0x00000000f1a80000)
  from space 81920K, 99% used [0x00000000f1a80000,0x00000000f6a795c0,0x00000000f6a80000)
  to   space 98816K, 0% used [0x00000000f9f80000,0x00000000f9f80000,0x0000000100000000)
 ParOldGen       total 313344K, used 180984K [0x0000000083a00000, 0x0000000096c00000, 0x00000000d6900000)
  object space 313344K, 57% used [0x0000000083a00000,0x000000008eabe050,0x0000000096c00000)
 Metaspace       used 45108K, capacity 45486K, committed 45696K, reserved 1089536K
  class space    used 6297K, capacity 6448K, committed 6528K, reserved 1048576K
Event: 99.623 GC heap after
Heap after GC invocations=34 (full 4):
 PSYoungGen      total 562688K, used 79660K [0x00000000d6900000, 0x0000000100000000, 0x0000000100000000)
  eden space 463872K, 0% used [0x00000000d6900000,0x00000000d6900000,0x00000000f2e00000)
  from space 98816K, 80% used [0x00000000f9f80000,0x00000000fed4b110,0x0000000100000000)
  to   space 107520K, 0% used [0x00000000f2e00000,0x00000000f2e00000,0x00000000f9700000)
 ParOldGen       total 313344K, used 209416K [0x0000000083a00000, 0x0000000096c00000, 0x00000000d6900000)
  object space 313344K, 66% used [0x0000000083a00000,0x0000000090682050,0x0000000096c00000)
 Metaspace       used 45108K, capacity 45486K, committed 45696K, reserved 1089536K
  class space    used 6297K, capacity 6448K, committed 6528K, reserved 1048576K
}
Event: 105.028 GC heap before
{Heap before GC invocations=35 (full 4):
 PSYoungGen      total 562688K, used 543532K [0x00000000d6900000, 0x0000000100000000, 0x0000000100000000)
  eden space 463872K, 100% used [0x00000000d6900000,0x00000000f2e00000,0x00000000f2e00000)
  from space 98816K, 80% used [0x00000000f9f80000,0x00000000fed4b110,0x0000000100000000)
  to   space 107520K, 0% used [0x00000000f2e00000,0x00000000f2e00000,0x00000000f9700000)
 ParOldGen       total 313344K, used 209416K [0x0000000083a00000, 0x0000000096c00000, 0x00000000d6900000)
  object space 313344K, 66% used [0x0000000083a00000,0x0000000090682050,0x0000000096c00000)
 Metaspace       used 45130K, capacity 45550K, committed 45952K, reserved 1089536K
  class space    used 6297K, capacity 6448K, committed 6528K, reserved 1048576K
Event: 105.122 GC heap after
Heap after GC invocations=35 (full 4):
 PSYoungGen      total 546816K, used 82802K [0x00000000d6900000, 0x0000000100000000, 0x0000000100000000)
  eden space 463872K, 0% used [0x00000000d6900000,0x00000000d6900000,0x00000000f2e00000)
  from space 82944K, 99% used [0x00000000f2e00000,0x00000000f7edc820,0x00000000f7f00000)
  to   space 115712K, 0% used [0x00000000f8f00000,0x00000000f8f00000,0x0000000100000000)
 ParOldGen       total 313344K, used 229648K [0x0000000083a00000, 0x0000000096c00000, 0x00000000d6900000)
  object space 313344K, 73% used [0x0000000083a00000,0x0000000091a44050,0x0000000096c00000)
 Metaspace       used 45130K, capacity 45550K, committed 45952K, reserved 1089536K
  class space    used 6297K, capacity 6448K, committed 6528K, reserved 1048576K
}

