# JRE version: Java(TM) SE Runtime Environment (8.0_121-b13) (build 1.8.0_121-b13)
# Java VM: Java HotSpot(TM) 64-Bit Server VM (25.121-b13 mixed mode windows-amd64 compressed oops)
Heap:
 PSYoungGen      total 544768K, used 141176K [0x00000000d6900000, 0x0000000100000000, 0x0000000100000000)
  eden space 468992K, 14% used [0x00000000d6900000,0x00000000da95b180,0x00000000f3300000)
  from space 75776K, 99% used [0x00000000f3300000,0x00000000f7c83210,0x00000000f7d00000)
  to   space 110592K, 0% used [0x00000000f9400000,0x00000000f9400000,0x0000000100000000)
 ParOldGen       total 305152K, used 267067K [0x0000000083a00000, 0x0000000096400000, 0x00000000d6900000)
  object space 305152K, 87% used [0x0000000083a00000,0x0000000093ecee10,0x0000000096400000)
 Metaspace       used 44915K, capacity 45296K, committed 45696K, reserved 1089536K
  class space    used 6295K, capacity 6411K, committed 6528K, reserved 1048576K
GC Heap History (10 events):
Event: 28.805 GC heap before
{Heap before GC invocations=31 (full 4):
 PSYoungGen      total 509952K, used 505096K [0x00000000d6900000, 0x00000000fa700000, 0x0000000100000000)
  eden space 453120K, 100% used [0x00000000d6900000,0x00000000f2380000,0x00000000f2380000)
  from space 56832K, 91% used [0x00000000f6200000,0x00000000f94c2380,0x00000000f9980000)
  to   space 64000K, 0% used [0x00000000f2380000,0x00000000f2380000,0x00000000f6200000)
 ParOldGen       total 305152K, used 164892K [0x0000000083a00000, 0x0000000096400000, 0x00000000d6900000)
  object space 305152K, 54% used [0x0000000083a00000,0x000000008db070b8,0x0000000096400000)
 Metaspace       used 44789K, capacity 45168K, committed 45440K, reserved 1087488K
  class space    used 6291K, capacity 6411K, committed 6528K, reserved 1048576K
Event: 28.832 GC heap after
Heap after GC invocations=31 (full 4):
 PSYoungGen      total 517120K, used 63971K [0x00000000d6900000, 0x00000000ff800000, 0x0000000100000000)
  eden space 453120K, 0% used [0x00000000d6900000,0x00000000d6900000,0x00000000f2380000)
  from space 64000K, 99% used [0x00000000f2380000,0x00000000f61f8c38,0x00000000f6200000)
  to   space 78336K, 0% used [0x00000000fab80000,0x00000000fab80000,0x00000000ff800000)
 ParOldGen       total 305152K, used 175771K [0x0000000083a00000, 0x0000000096400000, 0x00000000d6900000)
  object space 305152K, 57% used [0x0000000083a00000,0x000000008e5a6fa0,0x0000000096400000)
 Metaspace       used 44789K, capacity 45168K, committed 45440K, reserved 1087488K
  class space    used 6291K, capacity 6411K, committed 6528K, reserved 1048576K
}
Event: 30.501 GC heap before
{Heap before GC invocations=32 (full 4):
 PSYoungGen      total 517120K, used 517091K [0x00000000d6900000, 0x00000000ff800000, 0x0000000100000000)
  eden space 453120K, 100% used [0x00000000d6900000,0x00000000f2380000,0x00000000f2380000)
  from space 64000K, 99% used [0x00000000f2380000,0x00000000f61f8c38,0x00000000f6200000)
  to   space 78336K, 0% used [0x00000000fab80000,0x00000000fab80000,0x00000000ff800000)
 ParOldGen       total 305152K, used 175771K [0x0000000083a00000, 0x0000000096400000, 0x00000000d6900000)
  object space 305152K, 57% used [0x0000000083a00000,0x000000008e5a6fa0,0x0000000096400000)
 Metaspace       used 44801K, capacity 45168K, committed 45440K, reserved 1087488K
  class space    used 6291K, capacity 6411K, committed 6528K, reserved 1048576K
Event: 30.549 GC heap after
Heap after GC invocations=32 (full 4):
 PSYoungGen      total 567808K, used 78314K [0x00000000d6900000, 0x0000000100000000, 0x0000000100000000)
  eden space 489472K, 0% used [0x00000000d6900000,0x00000000d6900000,0x00000000f4700000)
  from space 78336K, 99% used [0x00000000fab80000,0x00000000ff7fa9a0,0x00000000ff800000)
  to   space 94720K, 0% used [0x00000000f4700000,0x00000000f4700000,0x00000000fa380000)
 ParOldGen       total 305152K, used 186236K [0x0000000083a00000, 0x0000000096400000, 0x00000000d6900000)
  object space 305152K, 61% used [0x0000000083a00000,0x000000008efdf3d8,0x0000000096400000)
 Metaspace       used 44801K, capacity 45168K, committed 45440K, reserved 1087488K
  class space    used 6291K, capacity 6411K, committed 6528K, reserved 1048576K
}
Event: 32.336 GC heap before
{Heap before GC invocations=33 (full 4):
 PSYoungGen      total 567808K, used 567786K [0x00000000d6900000, 0x0000000100000000, 0x0000000100000000)
  eden space 489472K, 100% used [0x00000000d6900000,0x00000000f4700000,0x00000000f4700000)
  from space 78336K, 99% used [0x00000000fab80000,0x00000000ff7fa9a0,0x00000000ff800000)
  to   space 94720K, 0% used [0x00000000f4700000,0x00000000f4700000,0x00000000fa380000)
 ParOldGen       total 305152K, used 186236K [0x0000000083a00000, 0x0000000096400000, 0x00000000d6900000)
  object space 305152K, 61% used [0x0000000083a00000,0x000000008efdf3d8,0x0000000096400000)
 Metaspace       used 44828K, capacity 45168K, committed 45440K, reserved 1087488K
  class space    used 6291K, capacity 6411K, committed 6528K, reserved 1048576K
Event: 32.370 GC heap after
Heap after GC invocations=33 (full 4):
 PSYoungGen      total 554496K, used 64646K [0x00000000d6900000, 0x0000000100000000, 0x0000000100000000)
  eden space 489472K, 0% used [0x00000000d6900000,0x00000000d6900000,0x00000000f4700000)
  from space 65024K, 99% used [0x00000000f4700000,0x00000000f86219a8,0x00000000f8680000)
  to   space 98816K, 0% used [0x00000000f9f80000,0x00000000f9f80000,0x0000000100000000)
 ParOldGen       total 305152K, used 230827K [0x0000000083a00000, 0x0000000096400000, 0x00000000d6900000)
  object space 305152K, 75% used [0x0000000083a00000,0x0000000091b6ae10,0x0000000096400000)
 Metaspace       used 44828K, capacity 45168K, committed 45440K, reserved 1087488K
  class space    used 6291K, capacity 6411K, committed 6528K, reserved 1048576K
}
Event: 36.516 GC heap before
{Heap before GC invocations=34 (full 4):
 PSYoungGen      total 554496K, used 554118K [0x00000000d6900000, 0x0000000100000000, 0x0000000100000000)
  eden space 489472K, 100% used [0x00000000d6900000,0x00000000f4700000,0x00000000f4700000)
  from space 65024K, 99% used [0x00000000f4700000,0x00000000f86219a8,0x00000000f8680000)
  to   space 98816K, 0% used [0x00000000f9f80000,0x00000000f9f80000,0x0000000100000000)
 ParOldGen       total 305152K, used 230827K [0x0000000083a00000, 0x0000000096400000, 0x00000000d6900000)
  object space 305152K, 75% used [0x0000000083a00000,0x0000000091b6ae10,0x0000000096400000)
 Metaspace       used 44854K, capacity 45232K, committed 45440K, reserved 1087488K
  class space    used 6291K, capacity 6411K, committed 6528K, reserved 1048576K
Event: 36.606 GC heap after
Heap after GC invocations=34 (full 4):
 PSYoungGen      total 567808K, used 71680K [0x00000000d6900000, 0x0000000100000000, 0x0000000100000000)
  eden space 468992K, 0% used [0x00000000d6900000,0x00000000d6900000,0x00000000f3300000)
  from space 98816K, 72% used [0x00000000f9f80000,0x00000000fe580260,0x0000000100000000)
  to   space 104960K, 0% used [0x00000000f3300000,0x00000000f3300000,0x00000000f9980000)
 ParOldGen       total 305152K, used 247739K [0x0000000083a00000, 0x0000000096400000, 0x00000000d6900000)
  object space 305152K, 81% used [0x0000000083a00000,0x0000000092beee10,0x0000000096400000)
 Metaspace       used 44854K, capacity 45232K, committed 45440K, reserved 1087488K
  class space    used 6291K, capacity 6411K, committed 6528K, reserved 1048576K
}
Event: 43.410 GC heap before
{Heap before GC invocations=35 (full 4):
 PSYoungGen      total 567808K, used 540672K [0x00000000d6900000, 0x0000000100000000, 0x0000000100000000)
  eden space 468992K, 100% used [0x00000000d6900000,0x00000000f3300000,0x00000000f3300000)
  from space 98816K, 72% used [0x00000000f9f80000,0x00000000fe580260,0x0000000100000000)
  to   space 104960K, 0% used [0x00000000f3300000,0x00000000f3300000,0x00000000f9980000)
 ParOldGen       total 305152K, used 247739K [0x0000000083a00000, 0x0000000096400000, 0x00000000d6900000)
  object space 305152K, 81% used [0x0000000083a00000,0x0000000092beee10,0x0000000096400000)
 Metaspace       used 44880K, capacity 45296K, committed 45696K, reserved 1089536K
  class space    used 6291K, capacity 6411K, committed 6528K, reserved 1048576K
Event: 43.504 GC heap after
Heap after GC invocations=35 (full 4):
 PSYoungGen      total 544768K, used 75276K [0x00000000d6900000, 0x0000000100000000, 0x0000000100000000)
  eden space 468992K, 0% used [0x00000000d6900000,0x00000000d6900000,0x00000000f3300000)
  from space 75776K, 99% used [0x00000000f3300000,0x00000000f7c83210,0x00000000f7d00000)
  to   space 110592K, 0% used [0x00000000f9400000,0x00000000f9400000,0x0000000100000000)
 ParOldGen       total 305152K, used 267067K [0x0000000083a00000, 0x0000000096400000, 0x00000000d6900000)
  object space 305152K, 87% used [0x0000000083a00000,0x0000000093ecee10,0x0000000096400000)
 Metaspace       used 44880K, capacity 45296K, committed 45696K, reserved 1089536K
  class space    used 6291K, capacity 6411K, committed 6528K, reserved 1048576K
}

