# JRE version: Java(TM) SE Runtime Environment (8.0_121-b13) (build 1.8.0_121-b13)
# Java VM: Java HotSpot(TM) 64-Bit Server VM (25.121-b13 mixed mode windows-amd64 compressed oops)
Heap:
 PSYoungGen      total 572928K, used 96032K [0x00000000d6900000, 0x0000000100000000, 0x0000000100000000)
  eden space 472064K, 7% used [0x00000000d6900000,0x00000000d89e3438,0x00000000f3600000)
  from space 100864K, 61% used [0x00000000f9d80000,0x00000000fda64c90,0x0000000100000000)
  to   space 103424K, 0% used [0x00000000f3600000,0x00000000f3600000,0x00000000f9b00000)
 ParOldGen       total 357376K, used 206282K [0x0000000083a00000, 0x0000000099700000, 0x00000000d6900000)
  object space 357376K, 57% used [0x0000000083a00000,0x0000000090372950,0x0000000099700000)
 Metaspace       used 45071K, capacity 45438K, committed 45696K, reserved 1089536K
  class space    used 6293K, capacity 6414K, committed 6528K, reserved 1048576K
GC Heap History (10 events):
Event: 71.839 GC heap before
{Heap before GC invocations=24 (full 3):
 PSYoungGen      total 548352K, used 524309K [0x00000000d6900000, 0x00000000fc700000, 0x0000000100000000)
  eden space 484352K, 100% used [0x00000000d6900000,0x00000000f4200000,0x00000000f4200000)
  from space 64000K, 62% used [0x00000000f8280000,0x00000000fa985740,0x00000000fc100000)
  to   space 66048K, 0% used [0x00000000f4200000,0x00000000f4200000,0x00000000f8280000)
 ParOldGen       total 199168K, used 141467K [0x0000000083a00000, 0x000000008fc80000, 0x00000000d6900000)
  object space 199168K, 71% used [0x0000000083a00000,0x000000008c426f60,0x000000008fc80000)
 Metaspace       used 44993K, capacity 45368K, committed 45696K, reserved 1089536K
  class space    used 6292K, capacity 6413K, committed 6528K, reserved 1048576K
Event: 71.914 GC heap after
Heap after GC invocations=24 (full 3):
 PSYoungGen      total 550400K, used 65015K [0x00000000d6900000, 0x0000000100000000, 0x0000000100000000)
  eden space 484352K, 0% used [0x00000000d6900000,0x00000000d6900000,0x00000000f4200000)
  from space 66048K, 98% used [0x00000000f4200000,0x00000000f817dfb0,0x00000000f8280000)
  to   space 76288K, 0% used [0x00000000fb580000,0x00000000fb580000,0x0000000100000000)
 ParOldGen       total 199168K, used 141475K [0x0000000083a00000, 0x000000008fc80000, 0x00000000d6900000)
  object space 199168K, 71% used [0x0000000083a00000,0x000000008c428f60,0x000000008fc80000)
 Metaspace       used 44993K, capacity 45368K, committed 45696K, reserved 1089536K
  class space    used 6292K, capacity 6413K, committed 6528K, reserved 1048576K
}
Event: 78.904 GC heap before
{Heap before GC invocations=25 (full 3):
 PSYoungGen      total 550400K, used 549367K [0x00000000d6900000, 0x0000000100000000, 0x0000000100000000)
  eden space 484352K, 100% used [0x00000000d6900000,0x00000000f4200000,0x00000000f4200000)
  from space 66048K, 98% used [0x00000000f4200000,0x00000000f817dfb0,0x00000000f8280000)
  to   space 76288K, 0% used [0x00000000fb580000,0x00000000fb580000,0x0000000100000000)
 ParOldGen       total 199168K, used 141475K [0x0000000083a00000, 0x000000008fc80000, 0x00000000d6900000)
  object space 199168K, 71% used [0x0000000083a00000,0x000000008c428f60,0x000000008fc80000)
 Metaspace       used 45001K, capacity 45368K, committed 45696K, reserved 1089536K
  class space    used 6292K, capacity 6413K, committed 6528K, reserved 1048576K
Event: 79.013 GC heap after
Heap after GC invocations=25 (full 3):
 PSYoungGen      total 567808K, used 76271K [0x00000000d6900000, 0x0000000100000000, 0x0000000100000000)
  eden space 491520K, 0% used [0x00000000d6900000,0x00000000d6900000,0x00000000f4900000)
  from space 76288K, 99% used [0x00000000fb580000,0x00000000ffffbf70,0x0000000100000000)
  to   space 93696K, 0% used [0x00000000f4900000,0x00000000f4900000,0x00000000fa480000)
 ParOldGen       total 199168K, used 154604K [0x0000000083a00000, 0x000000008fc80000, 0x00000000d6900000)
  object space 199168K, 77% used [0x0000000083a00000,0x000000008d0fb1f8,0x000000008fc80000)
 Metaspace       used 45001K, capacity 45368K, committed 45696K, reserved 1089536K
  class space    used 6292K, capacity 6413K, committed 6528K, reserved 1048576K
}
Event: 84.509 GC heap before
{Heap before GC invocations=26 (full 3):
 PSYoungGen      total 567808K, used 567791K [0x00000000d6900000, 0x0000000100000000, 0x0000000100000000)
  eden space 491520K, 100% used [0x00000000d6900000,0x00000000f4900000,0x00000000f4900000)
  from space 76288K, 99% used [0x00000000fb580000,0x00000000ffffbf70,0x0000000100000000)
  to   space 93696K, 0% used [0x00000000f4900000,0x00000000f4900000,0x00000000fa480000)
 ParOldGen       total 199168K, used 154604K [0x0000000083a00000, 0x000000008fc80000, 0x00000000d6900000)
  object space 199168K, 77% used [0x0000000083a00000,0x000000008d0fb1f8,0x000000008fc80000)
 Metaspace       used 45025K, capacity 45374K, committed 45696K, reserved 1089536K
  class space    used 6293K, capacity 6414K, committed 6528K, reserved 1048576K
Event: 84.598 GC heap after
Heap after GC invocations=26 (full 3):
 PSYoungGen      total 563200K, used 71626K [0x00000000d6900000, 0x0000000100000000, 0x0000000100000000)
  eden space 491520K, 0% used [0x00000000d6900000,0x00000000d6900000,0x00000000f4900000)
  from space 71680K, 99% used [0x00000000f4900000,0x00000000f8ef2b08,0x00000000f8f00000)
  to   space 100864K, 0% used [0x00000000f9d80000,0x00000000f9d80000,0x0000000100000000)
 ParOldGen       total 199168K, used 191652K [0x0000000083a00000, 0x000000008fc80000, 0x00000000d6900000)
  object space 199168K, 96% used [0x0000000083a00000,0x000000008f5291f8,0x000000008fc80000)
 Metaspace       used 45025K, capacity 45374K, committed 45696K, reserved 1089536K
  class space    used 6293K, capacity 6414K, committed 6528K, reserved 1048576K
}
Event: 84.598 GC heap before
{Heap before GC invocations=27 (full 4):
 PSYoungGen      total 563200K, used 71626K [0x00000000d6900000, 0x0000000100000000, 0x0000000100000000)
  eden space 491520K, 0% used [0x00000000d6900000,0x00000000d6900000,0x00000000f4900000)
  from space 71680K, 99% used [0x00000000f4900000,0x00000000f8ef2b08,0x00000000f8f00000)
  to   space 100864K, 0% used [0x00000000f9d80000,0x00000000f9d80000,0x0000000100000000)
 ParOldGen       total 199168K, used 191652K [0x0000000083a00000, 0x000000008fc80000, 0x00000000d6900000)
  object space 199168K, 96% used [0x0000000083a00000,0x000000008f5291f8,0x000000008fc80000)
 Metaspace       used 45025K, capacity 45374K, committed 45696K, reserved 1089536K
  class space    used 6293K, capacity 6414K, committed 6528K, reserved 1048576K
Event: 84.997 GC heap after
Heap after GC invocations=27 (full 4):
 PSYoungGen      total 563200K, used 41729K [0x00000000d6900000, 0x0000000100000000, 0x0000000100000000)
  eden space 491520K, 0% used [0x00000000d6900000,0x00000000d6900000,0x00000000f4900000)
  from space 71680K, 58% used [0x00000000f4900000,0x00000000f71c0580,0x00000000f8f00000)
  to   space 100864K, 0% used [0x00000000f9d80000,0x00000000f9d80000,0x0000000100000000)
 ParOldGen       total 357376K, used 198714K [0x0000000083a00000, 0x0000000099700000, 0x00000000d6900000)
  object space 357376K, 55% used [0x0000000083a00000,0x000000008fc0e950,0x0000000099700000)
 Metaspace       used 45025K, capacity 45374K, committed 45696K, reserved 1089536K
  class space    used 6293K, capacity 6414K, committed 6528K, reserved 1048576K
}
Event: 90.561 GC heap before
{Heap before GC invocations=28 (full 4):
 PSYoungGen      total 563200K, used 533249K [0x00000000d6900000, 0x0000000100000000, 0x0000000100000000)
  eden space 491520K, 100% used [0x00000000d6900000,0x00000000f4900000,0x00000000f4900000)
  from space 71680K, 58% used [0x00000000f4900000,0x00000000f71c0580,0x00000000f8f00000)
  to   space 100864K, 0% used [0x00000000f9d80000,0x00000000f9d80000,0x0000000100000000)
 ParOldGen       total 357376K, used 198714K [0x0000000083a00000, 0x0000000099700000, 0x00000000d6900000)
  object space 357376K, 55% used [0x0000000083a00000,0x000000008fc0e950,0x0000000099700000)
 Metaspace       used 45069K, capacity 45438K, committed 45696K, reserved 1089536K
  class space    used 6293K, capacity 6414K, committed 6528K, reserved 1048576K
Event: 90.658 GC heap after
Heap after GC invocations=28 (full 4):
 PSYoungGen      total 572928K, used 62355K [0x00000000d6900000, 0x0000000100000000, 0x0000000100000000)
  eden space 472064K, 0% used [0x00000000d6900000,0x00000000d6900000,0x00000000f3600000)
  from space 100864K, 61% used [0x00000000f9d80000,0x00000000fda64c90,0x0000000100000000)
  to   space 103424K, 0% used [0x00000000f3600000,0x00000000f3600000,0x00000000f9b00000)
 ParOldGen       total 357376K, used 206282K [0x0000000083a00000, 0x0000000099700000, 0x00000000d6900000)
  object space 357376K, 57% used [0x0000000083a00000,0x0000000090372950,0x0000000099700000)
 Metaspace       used 45069K, capacity 45438K, committed 45696K, reserved 1089536K
  class space    used 6293K, capacity 6414K, committed 6528K, reserved 1048576K
}

